[2014-06-29 00:16:42]<DEBUG>[com.ow.DBDao:main] DBDao:: init -----------begin 
[2014-06-29 00:16:42]<DEBUG>[com.ow.DBDao:main] DBDao:: init -----------end 
[2014-06-29 00:16:42]<DEBUG>[com.ow.DBDao:main] DBDao:: getConfigInfoByName -----------begin 
[2014-06-29 00:16:42]<DEBUG>[com.ow.DBDao:main] name = 投资策略
[2014-06-29 00:16:42]<DEBUG>[com.ow.DBDao:main] DBDao:: getConfigInfoByName -----------end 
[2014-06-29 00:16:42]<DEBUG>[com.ow.DBDao:main] DBDao:: close -----------begin 
[2014-06-29 00:16:42]<DEBUG>[com.ow.DBDao:main] DBDao:: close -----------end 
[2014-06-29 00:17:18]<DEBUG>[com.ow.DBDao:main] DBDao:: init -----------begin 
[2014-06-29 00:17:18]<DEBUG>[com.ow.DBDao:main] DBDao:: init -----------end 
[2014-06-29 00:17:18]<DEBUG>[com.ow.DBDao:main] DBDao:: getConfigInfoByName -----------begin 
[2014-06-29 00:17:18]<DEBUG>[com.ow.DBDao:main] name = 投资策略
[2014-06-29 00:17:18]<DEBUG>[com.ow.DBDao:main] DBDao:: getConfigInfoByName -----------end 
[2014-06-29 00:17:18]<DEBUG>[com.ow.DBDao:main] DBDao:: close -----------begin 
[2014-06-29 00:17:18]<DEBUG>[com.ow.DBDao:main] DBDao:: close -----------end 
[2014-06-29 00:18:20]<DEBUG>[com.ow.DBDao:main] DBDao:: init -----------begin 
[2014-06-29 00:18:20]<DEBUG>[com.ow.DBDao:main] DBDao:: init -----------end 
[2014-06-29 00:18:20]<DEBUG>[com.ow.DBDao:main] DBDao:: getConfigInfoByName -----------begin 
[2014-06-29 00:18:20]<DEBUG>[com.ow.DBDao:main] name = 投资策略
[2014-06-29 00:18:20]<DEBUG>[com.ow.DBDao:main] DBDao:: getConfigInfoByName -----------end 
[2014-06-29 00:18:20]<DEBUG>[com.ow.DBDao:main] DBDao:: close -----------begin 
[2014-06-29 00:18:20]<DEBUG>[com.ow.DBDao:main] DBDao:: close -----------end 
[2014-06-29 00:19:13]<DEBUG>[com.ow.DBDao:main] DBDao:: init -----------begin 
[2014-06-29 00:19:13]<DEBUG>[com.ow.DBDao:main] DBDao:: init -----------end 
[2014-06-29 00:19:13]<DEBUG>[com.ow.DBDao:main] DBDao:: getConfigInfoByName -----------begin 
[2014-06-29 00:19:13]<DEBUG>[com.ow.DBDao:main] name = 公司简介
[2014-06-29 00:19:13]<DEBUG>[com.ow.DBDao:main] DBDao:: getConfigInfoByName -----------end 
[2014-06-29 00:19:13]<DEBUG>[com.ow.DBDao:main] DBDao:: close -----------begin 
[2014-06-29 00:19:13]<DEBUG>[com.ow.DBDao:main] DBDao:: close -----------end 
[2014-06-29 00:19:43]<DEBUG>[com.ow.DBDao:main] DBDao:: init -----------begin 
[2014-06-29 00:19:44]<DEBUG>[com.ow.DBDao:main] DBDao:: init -----------end 
[2014-06-29 00:19:44]<DEBUG>[com.ow.DBDao:main] DBDao:: getConfigInfoByName -----------begin 
[2014-06-29 00:19:44]<DEBUG>[com.ow.DBDao:main] name = 公司简介
[2014-06-29 00:19:44]<DEBUG>[com.ow.DBDao:main] DBDao:: getConfigInfoByName -----------end 
[2014-06-29 00:19:44]<DEBUG>[com.ow.DBDao:main] DBDao:: close -----------begin 
[2014-06-29 00:19:44]<DEBUG>[com.ow.DBDao:main] DBDao:: close -----------end 
[2014-06-29 00:19:57]<DEBUG>[com.ow.DBDao:main] DBDao:: init -----------begin 
[2014-06-29 00:19:58]<DEBUG>[com.ow.DBDao:main] DBDao:: init -----------end 
[2014-06-29 00:19:58]<DEBUG>[com.ow.DBDao:main] DBDao:: getConfigInfoByName -----------begin 
[2014-06-29 00:19:58]<DEBUG>[com.ow.DBDao:main] name = 投资策略
[2014-06-29 00:19:58]<DEBUG>[com.ow.DBDao:main] DBDao:: getConfigInfoByName -----------end 
[2014-06-29 00:19:58]<DEBUG>[com.ow.DBDao:main] DBDao:: close -----------begin 
[2014-06-29 00:19:58]<DEBUG>[com.ow.DBDao:main] DBDao:: close -----------end 
